<?xml version="1.0" ?>
<!DOCTYPE coverage SYSTEM 'http://cobertura.sourceforge.net/xml/coverage-04.dtd'>
<coverage line-rate="0.286" lines-covered="443" lines-valid="1547" branch-rate="1.0" branches-covered="1.0" branches-rate="1.0" complexity="1.0" version="1.9" timestamp="1664642350">
	<sources>
		<source>/</source>
	</sources>
	<packages>
		<package name="bats" line-rate="0.286" lines-covered="443" lines-valid="1547" branch-rate="1.0" complexity="1.0">
			<classes>
				<class name="bats_75930_src" filename="tmp/bats-run-6kxncu/bats.75930.src" branch-rate="1.0" complexity="1.0" line-rate="0.006">
					<lines>
						<line number="5" hits="2"/>
						<line number="8" hits="2"/>
						<line number="12" hits="0"/>
						<line number="13" hits="0"/>
						<line number="15" hits="0"/>
						<line number="20" hits="0"/>
						<line number="21" hits="0"/>
						<line number="27" hits="0"/>
						<line number="28" hits="0"/>
						<line number="30" hits="0"/>
						<line number="31" hits="0"/>
						<line number="32" hits="0"/>
						<line number="33" hits="0"/>
						<line number="34" hits="0"/>
						<line number="35" hits="0"/>
						<line number="36" hits="0"/>
						<line number="37" hits="0"/>
						<line number="38" hits="0"/>
						<line number="39" hits="0"/>
						<line number="40" hits="0"/>
						<line number="45" hits="0"/>
						<line number="48" hits="0"/>
						<line number="52" hits="0"/>
						<line number="53" hits="0"/>
						<line number="55" hits="0"/>
						<line number="56" hits="0"/>
						<line number="57" hits="0"/>
						<line number="58" hits="0"/>
						<line number="59" hits="0"/>
						<line number="60" hits="0"/>
						<line number="61" hits="0"/>
						<line number="62" hits="0"/>
						<line number="63" hits="0"/>
						<line number="68" hits="0"/>
						<line number="71" hits="0"/>
						<line number="75" hits="0"/>
						<line number="76" hits="0"/>
						<line number="78" hits="0"/>
						<line number="79" hits="0"/>
						<line number="84" hits="0"/>
						<line number="85" hits="0"/>
						<line number="87" hits="0"/>
						<line number="88" hits="0"/>
						<line number="89" hits="0"/>
						<line number="90" hits="0"/>
						<line number="91" hits="0"/>
						<line number="92" hits="0"/>
						<line number="93" hits="0"/>
						<line number="94" hits="0"/>
						<line number="99" hits="0"/>
						<line number="102" hits="0"/>
						<line number="106" hits="0"/>
						<line number="107" hits="0"/>
						<line number="109" hits="0"/>
						<line number="110" hits="0"/>
						<line number="111" hits="0"/>
						<line number="112" hits="0"/>
						<line number="113" hits="0"/>
						<line number="114" hits="0"/>
						<line number="115" hits="0"/>
						<line number="116" hits="0"/>
						<line number="121" hits="0"/>
						<line number="124" hits="0"/>
						<line number="128" hits="0"/>
						<line number="129" hits="0"/>
						<line number="131" hits="0"/>
						<line number="132" hits="0"/>
						<line number="133" hits="0"/>
						<line number="134" hits="0"/>
						<line number="135" hits="0"/>
						<line number="136" hits="0"/>
						<line number="137" hits="0"/>
						<line number="138" hits="0"/>
						<line number="139" hits="0"/>
						<line number="144" hits="0"/>
						<line number="147" hits="0"/>
						<line number="151" hits="0"/>
						<line number="152" hits="0"/>
						<line number="155" hits="0"/>
						<line number="156" hits="0"/>
						<line number="157" hits="0"/>
						<line number="158" hits="0"/>
						<line number="159" hits="0"/>
						<line number="160" hits="0"/>
						<line number="161" hits="0"/>
						<line number="162" hits="0"/>
						<line number="167" hits="0"/>
						<line number="170" hits="0"/>
						<line number="174" hits="0"/>
						<line number="175" hits="0"/>
						<line number="178" hits="0"/>
						<line number="179" hits="0"/>
						<line number="180" hits="0"/>
						<line number="181" hits="0"/>
						<line number="182" hits="0"/>
						<line number="183" hits="0"/>
						<line number="184" hits="0"/>
						<line number="185" hits="0"/>
						<line number="190" hits="0"/>
						<line number="193" hits="0"/>
						<line number="197" hits="0"/>
						<line number="198" hits="0"/>
						<line number="201" hits="0"/>
						<line number="202" hits="0"/>
						<line number="203" hits="0"/>
						<line number="204" hits="0"/>
						<line number="205" hits="0"/>
						<line number="206" hits="0"/>
						<line number="207" hits="0"/>
						<line number="208" hits="0"/>
						<line number="213" hits="0"/>
						<line number="216" hits="0"/>
						<line number="220" hits="0"/>
						<line number="221" hits="0"/>
						<line number="224" hits="0"/>
						<line number="225" hits="0"/>
						<line number="226" hits="0"/>
						<line number="227" hits="0"/>
						<line number="228" hits="0"/>
						<line number="229" hits="0"/>
						<line number="230" hits="0"/>
						<line number="231" hits="0"/>
						<line number="236" hits="0"/>
						<line number="239" hits="0"/>
						<line number="243" hits="0"/>
						<line number="244" hits="0"/>
						<line number="247" hits="0"/>
						<line number="248" hits="0"/>
						<line number="249" hits="0"/>
						<line number="253" hits="0"/>
						<line number="254" hits="0"/>
						<line number="255" hits="0"/>
						<line number="256" hits="0"/>
						<line number="257" hits="0"/>
						<line number="258" hits="0"/>
						<line number="259" hits="0"/>
						<line number="260" hits="0"/>
						<line number="261" hits="0"/>
						<line number="266" hits="0"/>
						<line number="269" hits="0"/>
						<line number="273" hits="0"/>
						<line number="274" hits="0"/>
						<line number="277" hits="0"/>
						<line number="278" hits="0"/>
						<line number="279" hits="0"/>
						<line number="280" hits="0"/>
						<line number="281" hits="0"/>
						<line number="282" hits="0"/>
						<line number="283" hits="0"/>
						<line number="284" hits="0"/>
						<line number="285" hits="0"/>
						<line number="286" hits="0"/>
						<line number="291" hits="0"/>
						<line number="294" hits="0"/>
						<line number="298" hits="0"/>
						<line number="299" hits="0"/>
						<line number="303" hits="0"/>
						<line number="304" hits="0"/>
						<line number="305" hits="0"/>
						<line number="306" hits="0"/>
						<line number="309" hits="0"/>
						<line number="310" hits="0"/>
						<line number="316" hits="0"/>
						<line number="317" hits="0"/>
						<line number="324" hits="0"/>
						<line number="325" hits="0"/>
						<line number="327" hits="0"/>
						<line number="328" hits="0"/>
						<line number="329" hits="0"/>
						<line number="330" hits="0"/>
						<line number="331" hits="0"/>
						<line number="332" hits="0"/>
						<line number="333" hits="0"/>
						<line number="334" hits="0"/>
						<line number="335" hits="0"/>
						<line number="336" hits="0"/>
						<line number="337" hits="0"/>
						<line number="338" hits="0"/>
						<line number="339" hits="0"/>
						<line number="344" hits="0"/>
						<line number="347" hits="0"/>
						<line number="351" hits="0"/>
						<line number="352" hits="0"/>
						<line number="354" hits="0"/>
						<line number="355" hits="0"/>
						<line number="356" hits="0"/>
						<line number="357" hits="0"/>
						<line number="358" hits="0"/>
						<line number="359" hits="0"/>
						<line number="360" hits="0"/>
						<line number="361" hits="0"/>
						<line number="362" hits="0"/>
						<line number="363" hits="0"/>
						<line number="364" hits="0"/>
						<line number="369" hits="0"/>
						<line number="372" hits="0"/>
						<line number="376" hits="0"/>
						<line number="377" hits="0"/>
						<line number="383" hits="0"/>
						<line number="384" hits="0"/>
						<line number="390" hits="0"/>
						<line number="391" hits="0"/>
						<line number="397" hits="0"/>
						<line number="398" hits="0"/>
						<line number="404" hits="0"/>
						<line number="405" hits="0"/>
						<line number="409" hits="0"/>
						<line number="411" hits="0"/>
						<line number="412" hits="0"/>
						<line number="413" hits="0"/>
						<line number="414" hits="0"/>
						<line number="415" hits="0"/>
						<line number="416" hits="0"/>
						<line number="417" hits="0"/>
						<line number="418" hits="0"/>
						<line number="419" hits="0"/>
						<line number="420" hits="0"/>
						<line number="427" hits="0"/>
						<line number="428" hits="0"/>
						<line number="430" hits="0"/>
						<line number="431" hits="0"/>
						<line number="432" hits="0"/>
						<line number="433" hits="0"/>
						<line number="434" hits="0"/>
						<line number="435" hits="0"/>
						<line number="436" hits="0"/>
						<line number="437" hits="0"/>
						<line number="438" hits="0"/>
						<line number="439" hits="0"/>
						<line number="440" hits="0"/>
						<line number="441" hits="0"/>
						<line number="442" hits="0"/>
						<line number="443" hits="0"/>
						<line number="444" hits="0"/>
						<line number="449" hits="0"/>
						<line number="452" hits="0"/>
						<line number="456" hits="0"/>
						<line number="457" hits="0"/>
						<line number="460" hits="0"/>
						<line number="461" hits="0"/>
						<line number="463" hits="0"/>
						<line number="468" hits="0"/>
						<line number="469" hits="0"/>
						<line number="471" hits="0"/>
						<line number="472" hits="0"/>
						<line number="473" hits="0"/>
						<line number="475" hits="0"/>
						<line number="476" hits="0"/>
						<line number="477" hits="0"/>
						<line number="478" hits="0"/>
						<line number="480" hits="0"/>
						<line number="481" hits="0"/>
						<line number="483" hits="0"/>
						<line number="486" hits="0"/>
						<line number="488" hits="0"/>
						<line number="489" hits="0"/>
						<line number="490" hits="0"/>
						<line number="495" hits="0"/>
						<line number="496" hits="0"/>
						<line number="498" hits="0"/>
						<line number="499" hits="0"/>
						<line number="500" hits="0"/>
						<line number="505" hits="0"/>
						<line number="506" hits="0"/>
						<line number="508" hits="0"/>
						<line number="513" hits="0"/>
						<line number="514" hits="0"/>
						<line number="517" hits="0"/>
						<line number="518" hits="0"/>
						<line number="519" hits="0"/>
						<line number="520" hits="0"/>
						<line number="521" hits="0"/>
						<line number="524" hits="0"/>
						<line number="525" hits="0"/>
						<line number="526" hits="0"/>
						<line number="528" hits="0"/>
						<line number="529" hits="0"/>
						<line number="530" hits="0"/>
						<line number="531" hits="0"/>
						<line number="532" hits="0"/>
						<line number="533" hits="0"/>
						<line number="534" hits="0"/>
						<line number="539" hits="0"/>
						<line number="540" hits="0"/>
						<line number="546" hits="0"/>
						<line number="547" hits="0"/>
						<line number="550" hits="0"/>
						<line number="551" hits="0"/>
						<line number="552" hits="0"/>
						<line number="553" hits="0"/>
						<line number="555" hits="0"/>
						<line number="556" hits="0"/>
						<line number="558" hits="0"/>
						<line number="560" hits="0"/>
						<line number="561" hits="0"/>
						<line number="563" hits="0"/>
						<line number="564" hits="0"/>
						<line number="569" hits="0"/>
						<line number="570" hits="0"/>
						<line number="572" hits="0"/>
						<line number="573" hits="0"/>
						<line number="574" hits="0"/>
						<line number="575" hits="0"/>
						<line number="576" hits="0"/>
						<line number="577" hits="0"/>
						<line number="578" hits="0"/>
						<line number="579" hits="0"/>
						<line number="580" hits="0"/>
						<line number="581" hits="0"/>
						<line number="582" hits="0"/>
						<line number="583" hits="0"/>
						<line number="588" hits="0"/>
						<line number="591" hits="0"/>
						<line number="595" hits="0"/>
						<line number="596" hits="0"/>
						<line number="598" hits="0"/>
						<line number="599" hits="0"/>
						<line number="600" hits="0"/>
						<line number="601" hits="0"/>
						<line number="602" hits="0"/>
						<line number="603" hits="0"/>
						<line number="604" hits="0"/>
						<line number="605" hits="0"/>
						<line number="610" hits="0"/>
						<line number="613" hits="0"/>
						<line number="616" hits="0"/>
						<line number="617" hits="0"/>
						<line number="618" hits="0"/>
						<line number="619" hits="0"/>
						<line number="620" hits="0"/>
						<line number="621" hits="0"/>
						<line number="622" hits="0"/>
						<line number="623" hits="0"/>
						<line number="624" hits="0"/>
						<line number="625" hits="0"/>
						<line number="626" hits="0"/>
						<line number="627" hits="0"/>
						<line number="628" hits="0"/>
						<line number="629" hits="0"/>
						<line number="630" hits="0"/>
						<line number="631" hits="0"/>
						<line number="632" hits="0"/>
						<line number="633" hits="0"/>
						<line number="634" hits="0"/>
						<line number="635" hits="0"/>
						<line number="636" hits="0"/>
						<line number="637" hits="0"/>
						<line number="638" hits="0"/>
						<line number="639" hits="0"/>
						<line number="640" hits="0"/>
						<line number="641" hits="0"/>
						<line number="642" hits="0"/>
						<line number="643" hits="0"/>
						<line number="644" hits="0"/>
						<line number="645" hits="0"/>
						<line number="646" hits="0"/>
						<line number="647" hits="0"/>
						<line number="648" hits="0"/>
					</lines>
				</class>
				<class name="tracing_bash" filename="usr/local/lib/bats-core/tracing.bash" branch-rate="1.0" complexity="1.0" line-rate="0.606">
					<lines>
						<line number="4" hits="3"/>
						<line number="7" hits="3"/>
						<line number="8" hits="3"/>
						<line number="9" hits="3"/>
						<line number="13" hits="6"/>
						<line number="16" hits="3"/>
						<line number="17" hits="3"/>
						<line number="18" hits="3"/>
						<line number="19" hits="3"/>
						<line number="21" hits="0"/>
						<line number="24" hits="6"/>
						<line number="25" hits="3"/>
						<line number="31" hits="2"/>
						<line number="33" hits="2"/>
						<line number="34" hits="0"/>
						<line number="36" hits="2"/>
						<line number="39" hits="0"/>
						<line number="47" hits="2"/>
						<line number="48" hits="2"/>
						<line number="49" hits="2"/>
						<line number="50" hits="2"/>
						<line number="51" hits="2"/>
						<line number="53" hits="2"/>
						<line number="54" hits="2"/>
						<line number="55" hits="2"/>
						<line number="56" hits="2"/>
						<line number="58" hits="2"/>
						<line number="59" hits="2"/>
						<line number="60" hits="2"/>
						<line number="62" hits="0"/>
						<line number="65" hits="2"/>
						<line number="66" hits="2"/>
						<line number="67" hits="2"/>
						<line number="70" hits="3"/>
						<line number="71" hits="0"/>
						<line number="72" hits="0"/>
						<line number="73" hits="0"/>
						<line number="76" hits="2"/>
						<line number="77" hits="2"/>
						<line number="79" hits="0"/>
						<line number="87" hits="3"/>
						<line number="88" hits="2"/>
						<line number="89" hits="0"/>
						<line number="91" hits="2"/>
						<line number="92" hits="2"/>
						<line number="93" hits="2"/>
						<line number="94" hits="2"/>
						<line number="95" hits="2"/>
						<line number="97" hits="2"/>
						<line number="98" hits="2"/>
						<line number="99" hits="2"/>
						<line number="100" hits="2"/>
						<line number="101" hits="2"/>
						<line number="102" hits="2"/>
						<line number="103" hits="2"/>
						<line number="105" hits="2"/>
						<line number="108" hits="0"/>
						<line number="111" hits="2"/>
						<line number="112" hits="0"/>
						<line number="114" hits="2"/>
						<line number="119" hits="4"/>
						<line number="123" hits="2"/>
						<line number="124" hits="2"/>
						<line number="128" hits="4"/>
						<line number="129" hits="4"/>
						<line number="131" hits="4"/>
						<line number="132" hits="4"/>
						<line number="134" hits="4"/>
						<line number="138" hits="2"/>
						<line number="139" hits="2"/>
						<line number="141" hits="24"/>
						<line number="142" hits="16"/>
						<line number="143" hits="2"/>
						<line number="144" hits="2"/>
						<line number="146" hits="0"/>
						<line number="150" hits="2"/>
						<line number="151" hits="2"/>
						<line number="155" hits="2"/>
						<line number="161" hits="174"/>
						<line number="162" hits="174"/>
						<line number="163" hits="0"/>
						<line number="165" hits="174"/>
						<line number="166" hits="0"/>
						<line number="168" hits="174"/>
						<line number="170" hits="174"/>
						<line number="174" hits="3"/>
						<line number="175" hits="0"/>
						<line number="177" hits="0"/>
						<line number="178" hits="0"/>
						<line number="180" hits="0"/>
						<line number="181" hits="0"/>
						<line number="182" hits="0"/>
						<line number="183" hits="0"/>
						<line number="185" hits="0"/>
						<line number="186" hits="0"/>
						<line number="187" hits="0"/>
						<line number="189" hits="0"/>
						<line number="190" hits="0"/>
						<line number="191" hits="0"/>
						<line number="192" hits="0"/>
						<line number="193" hits="0"/>
						<line number="248" hits="174"/>
						<line number="249" hits="174"/>
						<line number="250" hits="174"/>
						<line number="251" hits="246"/>
						<line number="252" hits="246"/>
						<line number="253" hits="171"/>
						<line number="254" hits="171"/>
						<line number="260" hits="0"/>
						<line number="261" hits="0"/>
						<line number="262" hits="180"/>
						<line number="263" hits="0"/>
						<line number="264" hits="0"/>
						<line number="267" hits="3"/>
						<line number="268" hits="3"/>
						<line number="269" hits="3"/>
						<line number="270" hits="3"/>
						<line number="285" hits="0"/>
						<line number="286" hits="0"/>
						<line number="287" hits="0"/>
						<line number="288" hits="0"/>
						<line number="289" hits="0"/>
						<line number="291" hits="0"/>
						<line number="296" hits="6"/>
						<line number="297" hits="0"/>
						<line number="298" hits="0"/>
						<line number="300" hits="12"/>
						<line number="301" hits="0"/>
						<line number="302" hits="0"/>
						<line number="303" hits="0"/>
						<line number="305" hits="6"/>
						<line number="328" hits="2"/>
						<line number="329" hits="2"/>
						<line number="332" hits="2"/>
						<line number="333" hits="2"/>
						<line number="336" hits="2"/>
						<line number="337" hits="2"/>
						<line number="339" hits="0"/>
						<line number="340" hits="0"/>
						<line number="341" hits="0"/>
						<line number="342" hits="0"/>
						<line number="344" hits="0"/>
						<line number="345" hits="0"/>
						<line number="346" hits="0"/>
						<line number="349" hits="2"/>
						<line number="351" hits="4"/>
						<line number="352" hits="2"/>
						<line number="353" hits="2"/>
						<line number="354" hits="2"/>
						<line number="359" hits="2"/>
						<line number="360" hits="4"/>
						<line number="364" hits="0"/>
						<line number="368" hits="0"/>
						<line number="369" hits="0"/>
						<line number="370" hits="0"/>
						<line number="371" hits="0"/>
						<line number="372" hits="0"/>
						<line number="375" hits="0"/>
						<line number="380" hits="0"/>
						<line number="381" hits="0"/>
						<line number="384" hits="0"/>
						<line number="390" hits="0"/>
						<line number="391" hits="0"/>
						<line number="392" hits="0"/>
						<line number="393" hits="0"/>
					</lines>
				</class>
				<class name="warnings_bash" filename="usr/local/lib/bats-core/warnings.bash" branch-rate="1.0" complexity="1.0" line-rate="0.087">
					<lines>
						<line number="4" hits="1"/>
						<line number="8" hits="0"/>
						<line number="9" hits="0"/>
						<line number="10" hits="0"/>
						<line number="11" hits="0"/>
						<line number="12" hits="0"/>
						<line number="13" hits="0"/>
						<line number="15" hits="0"/>
						<line number="17" hits="0"/>
						<line number="18" hits="0"/>
						<line number="19" hits="0"/>
						<line number="20" hits="0"/>
						<line number="22" hits="0"/>
						<line number="24" hits="0"/>
						<line number="25" hits="0"/>
						<line number="31" hits="0"/>
						<line number="32" hits="0"/>
						<line number="37" hits="0"/>
						<line number="39" hits="0"/>
						<line number="41" hits="0"/>
						<line number="42" hits="0"/>
						<line number="43" hits="0"/>
						<line number="44" hits="1"/>
					</lines>
				</class>
				<class name="preprocessing_bash" filename="usr/local/lib/bats-core/preprocessing.bash" branch-rate="1.0" complexity="1.0" line-rate="0.625">
					<lines>
						<line number="3" hits="1"/>
						<line number="4" hits="1"/>
						<line number="6" hits="1"/>
						<line number="11" hits="2"/>
						<line number="12" hits="2"/>
						<line number="16" hits="0"/>
						<line number="17" hits="0"/>
						<line number="21" hits="0"/>
					</lines>
				</class>
				<class name="common_bash" filename="usr/local/lib/bats-core/common.bash" branch-rate="1.0" complexity="1.0" line-rate="0.208">
					<lines>
						<line number="4" hits="6"/>
						<line number="5" hits="2"/>
						<line number="7" hits="2"/>
						<line number="8" hits="0"/>
						<line number="13" hits="2"/>
						<line number="14" hits="4"/>
						<line number="15" hits="2"/>
						<line number="17" hits="2"/>
						<line number="18" hits="0"/>
						<line number="23" hits="2"/>
						<line number="27" hits="0"/>
						<line number="28" hits="0"/>
						<line number="29" hits="0"/>
						<line number="35" hits="0"/>
						<line number="36" hits="0"/>
						<line number="38" hits="0"/>
						<line number="39" hits="0"/>
						<line number="40" hits="0"/>
						<line number="42" hits="0"/>
						<line number="43" hits="0"/>
						<line number="44" hits="0"/>
						<line number="45" hits="0"/>
						<line number="46" hits="0"/>
						<line number="50" hits="0"/>
						<line number="55" hits="0"/>
						<line number="57" hits="0"/>
						<line number="58" hits="0"/>
						<line number="59" hits="0"/>
						<line number="62" hits="0"/>
						<line number="63" hits="0"/>
						<line number="68" hits="0"/>
						<line number="69" hits="0"/>
						<line number="70" hits="0"/>
						<line number="73" hits="0"/>
						<line number="77" hits="0"/>
						<line number="79" hits="0"/>
						<line number="82" hits="0"/>
						<line number="83" hits="0"/>
						<line number="84" hits="0"/>
						<line number="85" hits="0"/>
						<line number="86" hits="0"/>
						<line number="87" hits="0"/>
						<line number="90" hits="0"/>
						<line number="92" hits="0"/>
						<line number="97" hits="0"/>
						<line number="103" hits="64"/>
						<line number="104" hits="64"/>
						<line number="106" hits="64"/>
						<line number="107" hits="128"/>
						<line number="108" hits="64"/>
						<line number="111" hits="0"/>
						<line number="112" hits="0"/>
						<line number="113" hits="0"/>
						<line number="114" hits="0"/>
						<line number="115" hits="0"/>
						<line number="116" hits="0"/>
						<line number="117" hits="0"/>
						<line number="119" hits="0"/>
						<line number="124" hits="0"/>
						<line number="130" hits="0"/>
						<line number="131" hits="0"/>
						<line number="133" hits="0"/>
						<line number="134" hits="0"/>
						<line number="136" hits="0"/>
						<line number="137" hits="0"/>
						<line number="138" hits="0"/>
						<line number="139" hits="0"/>
						<line number="140" hits="0"/>
						<line number="141" hits="0"/>
						<line number="142" hits="0"/>
						<line number="144" hits="0"/>
						<line number="145" hits="0"/>
						<line number="146" hits="0"/>
						<line number="149" hits="0"/>
						<line number="153" hits="0"/>
						<line number="159" hits="0"/>
						<line number="160" hits="0"/>
						<line number="162" hits="0"/>
						<line number="163" hits="0"/>
						<line number="165" hits="0"/>
						<line number="166" hits="0"/>
						<line number="167" hits="0"/>
						<line number="168" hits="0"/>
						<line number="169" hits="0"/>
						<line number="170" hits="0"/>
						<line number="171" hits="0"/>
						<line number="172" hits="0"/>
						<line number="173" hits="0"/>
						<line number="174" hits="0"/>
						<line number="180" hits="0"/>
						<line number="184" hits="0"/>
						<line number="186" hits="0"/>
						<line number="187" hits="0"/>
						<line number="192" hits="129"/>
						<line number="193" hits="384"/>
						<line number="194" hits="128"/>
						<line number="195" hits="128"/>
						<line number="197" hits="256"/>
						<line number="198" hits="0"/>
						<line number="201" hits="64"/>
						<line number="203" hits="64"/>
						<line number="204" hits="0"/>
						<line number="205" hits="0"/>
						<line number="208" hits="64"/>
						<line number="209" hits="0"/>
						<line number="211" hits="64"/>
					</lines>
				</class>
				<class name="bats_preprocess" filename="usr/local/libexec/bats-core/bats-preprocess" branch-rate="1.0" complexity="1.0" line-rate="0.493">
					<lines>
						<line number="2" hits="2"/>
						<line number="5" hits="66"/>
						<line number="6" hits="65"/>
						<line number="7" hits="65"/>
						<line number="9" hits="65"/>
						<line number="10" hits="65"/>
						<line number="11" hits="65"/>
						<line number="12" hits="65"/>
						<line number="13" hits="65"/>
						<line number="15" hits="0"/>
						<line number="16" hits="0"/>
						<line number="18" hits="0"/>
						<line number="19" hits="0"/>
						<line number="20" hits="0"/>
						<line number="21" hits="0"/>
						<line number="22" hits="0"/>
						<line number="23" hits="0"/>
						<line number="25" hits="0"/>
						<line number="26" hits="0"/>
						<line number="31" hits="65"/>
						<line number="34" hits="2"/>
						<line number="36" hits="2"/>
						<line number="37" hits="2"/>
						<line number="38" hits="2"/>
						<line number="41" hits="2"/>
						<line number="44" hits="0"/>
						<line number="45" hits="0"/>
						<line number="47" hits="0"/>
						<line number="48" hits="0"/>
						<line number="49" hits="0"/>
						<line number="50" hits="0"/>
						<line number="51" hits="0"/>
						<line number="52" hits="0"/>
						<line number="53" hits="0"/>
						<line number="54" hits="0"/>
						<line number="55" hits="0"/>
						<line number="56" hits="0"/>
						<line number="59" hits="0"/>
						<line number="60" hits="0"/>
						<line number="61" hits="0"/>
						<line number="62" hits="0"/>
						<line number="63" hits="0"/>
						<line number="64" hits="0"/>
						<line number="65" hits="0"/>
						<line number="67" hits="0"/>
						<line number="71" hits="2"/>
						<line number="76" hits="2"/>
						<line number="77" hits="2"/>
						<line number="79" hits="2422"/>
						<line number="80" hits="1209"/>
						<line number="81" hits="1209"/>
						<line number="82" hits="2352"/>
						<line number="83" hits="66"/>
						<line number="84" hits="66"/>
						<line number="85" hits="66"/>
						<line number="86" hits="66"/>
						<line number="87" hits="65"/>
						<line number="89" hits="0"/>
						<line number="92" hits="64"/>
						<line number="93" hits="64"/>
						<line number="94" hits="64"/>
						<line number="99" hits="1141"/>
						<line number="100" hits="0"/>
						<line number="101" hits="0"/>
						<line number="103" hits="0"/>
						<line number="106" hits="0"/>
						<line number="110" hits="1141"/>
						<line number="113" hits="0"/>
						<line number="115" hits="66"/>
						<line number="116" hits="66"/>
						<line number="119" hits="2"/>
					</lines>
				</class>
				<class name="bats_format_cat" filename="usr/local/libexec/bats-core/bats-format-cat" branch-rate="1.0" complexity="1.0" line-rate="1.000">
					<lines>
						<line number="2" hits="1"/>
						<line number="4" hits="1"/>
						<line number="6" hits="1"/>
					</lines>
				</class>
				<class name="bats_exec_file" filename="usr/local/libexec/bats-core/bats-exec-file" branch-rate="1.0" complexity="1.0" line-rate="0.466">
					<lines>
						<line number="2" hits="1"/>
						<line number="4" hits="1"/>
						<line number="5" hits="1"/>
						<line number="6" hits="1"/>
						<line number="7" hits="1"/>
						<line number="8" hits="1"/>
						<line number="9" hits="2"/>
						<line number="11" hits="2"/>
						<line number="12" hits="2"/>
						<line number="14" hits="0"/>
						<line number="15" hits="0"/>
						<line number="18" hits="0"/>
						<line number="21" hits="0"/>
						<line number="22" hits="0"/>
						<line number="26" hits="0"/>
						<line number="31" hits="0"/>
						<line number="34" hits="0"/>
						<line number="37" hits="0"/>
						<line number="40" hits="0"/>
						<line number="43" hits="0"/>
						<line number="44" hits="0"/>
						<line number="47" hits="1"/>
						<line number="50" hits="1"/>
						<line number="53" hits="1"/>
						<line number="54" hits="1"/>
						<line number="56" hits="1"/>
						<line number="57" hits="0"/>
						<line number="58" hits="0"/>
						<line number="61" hits="2"/>
						<line number="65" hits="1"/>
						<line number="70" hits="1"/>
						<line number="73" hits="1"/>
						<line number="75" hits="1"/>
						<line number="79" hits="1"/>
						<line number="81" hits="1"/>
						<line number="83" hits="1"/>
						<line number="84" hits="1"/>
						<line number="85" hits="1"/>
						<line number="87" hits="1"/>
						<line number="88" hits="1"/>
						<line number="89" hits="1"/>
						<line number="90" hits="2"/>
						<line number="92" hits="2"/>
						<line number="95" hits="2"/>
						<line number="97" hits="0"/>
						<line number="99" hits="0"/>
						<line number="101" hits="0"/>
						<line number="105" hits="2"/>
						<line number="107" hits="2"/>
						<line number="110" hits="2"/>
						<line number="112" hits="2"/>
						<line number="113" hits="2"/>
						<line number="114" hits="0"/>
						<line number="115" hits="0"/>
						<line number="116" hits="0"/>
						<line number="117" hits="0"/>
						<line number="122" hits="2"/>
						<line number="123" hits="2"/>
						<line number="127" hits="1"/>
						<line number="130" hits="2"/>
						<line number="131" hits="2"/>
						<line number="132" hits="0"/>
						<line number="134" hits="2"/>
						<line number="135" hits="2"/>
						<line number="136" hits="2"/>
						<line number="137" hits="2"/>
						<line number="138" hits="2"/>
						<line number="139" hits="2"/>
						<line number="140" hits="0"/>
						<line number="141" hits="0"/>
						<line number="142" hits="0"/>
						<line number="143" hits="0"/>
						<line number="144" hits="0"/>
						<line number="146" hits="0"/>
						<line number="148" hits="2"/>
						<line number="149" hits="2"/>
						<line number="150" hits="2"/>
						<line number="151" hits="2"/>
						<line number="152" hits="2"/>
						<line number="153" hits="4"/>
						<line number="154" hits="2"/>
						<line number="155" hits="2"/>
						<line number="159" hits="4"/>
						<line number="160" hits="0"/>
						<line number="163" hits="2"/>
						<line number="167" hits="0"/>
						<line number="171" hits="2"/>
						<line number="175" hits="0"/>
						<line number="176" hits="0"/>
						<line number="177" hits="0"/>
						<line number="178" hits="0"/>
						<line number="179" hits="0"/>
						<line number="180" hits="0"/>
						<line number="184" hits="0"/>
						<line number="186" hits="0"/>
						<line number="190" hits="0"/>
						<line number="191" hits="0"/>
						<line number="199" hits="0"/>
						<line number="201" hits="0"/>
						<line number="203" hits="0"/>
						<line number="205" hits="0"/>
						<line number="208" hits="0"/>
						<line number="211" hits="0"/>
						<line number="215" hits="0"/>
						<line number="216" hits="0"/>
						<line number="217" hits="0"/>
						<line number="218" hits="0"/>
						<line number="219" hits="0"/>
						<line number="221" hits="0"/>
						<line number="222" hits="0"/>
						<line number="223" hits="0"/>
						<line number="225" hits="0"/>
						<line number="226" hits="0"/>
						<line number="230" hits="0"/>
						<line number="234" hits="0"/>
						<line number="235" hits="0"/>
						<line number="236" hits="0"/>
						<line number="238" hits="0"/>
						<line number="239" hits="0"/>
						<line number="241" hits="0"/>
						<line number="242" hits="0"/>
						<line number="243" hits="0"/>
						<line number="245" hits="0"/>
						<line number="248" hits="0"/>
						<line number="249" hits="0"/>
						<line number="254" hits="0"/>
						<line number="256" hits="0"/>
						<line number="257" hits="0"/>
						<line number="261" hits="1"/>
						<line number="264" hits="1"/>
						<line number="265" hits="34"/>
						<line number="269" hits="33"/>
						<line number="271" hits="33"/>
						<line number="272" hits="33"/>
						<line number="275" hits="33"/>
						<line number="276" hits="1"/>
						<line number="280" hits="0"/>
						<line number="281" hits="1"/>
						<line number="282" hits="1"/>
						<line number="286" hits="0"/>
						<line number="288" hits="0"/>
						<line number="289" hits="0"/>
						<line number="290" hits="0"/>
						<line number="292" hits="0"/>
						<line number="294" hits="0"/>
						<line number="295" hits="0"/>
						<line number="296" hits="0"/>
						<line number="297" hits="0"/>
						<line number="300" hits="0"/>
						<line number="303" hits="0"/>
						<line number="311" hits="1"/>
						<line number="312" hits="1"/>
						<line number="313" hits="0"/>
						<line number="314" hits="0"/>
						<line number="316" hits="1"/>
						<line number="317" hits="1"/>
						<line number="318" hits="0"/>
						<line number="319" hits="0"/>
						<line number="321" hits="2"/>
						<line number="322" hits="1"/>
						<line number="325" hits="1"/>
						<line number="327" hits="1"/>
						<line number="328" hits="0"/>
						<line number="331" hits="1"/>
						<line number="332" hits="1"/>
						<line number="336" hits="1"/>
						<line number="337" hits="0"/>
						<line number="341" hits="1"/>
						<line number="343" hits="1"/>
						<line number="345" hits="1"/>
						<line number="346" hits="1"/>
						<line number="350" hits="0"/>
						<line number="351" hits="0"/>
						<line number="353" hits="0"/>
						<line number="354" hits="0"/>
						<line number="356" hits="0"/>
					</lines>
				</class>
				<class name="validator_bash" filename="usr/local/lib/bats-core/validator.bash" branch-rate="1.0" complexity="1.0" line-rate="0.929">
					<lines>
						<line number="4" hits="1"/>
						<line number="5" hits="1"/>
						<line number="6" hits="2"/>
						<line number="8" hits="1"/>
						<line number="11" hits="1"/>
						<line number="13" hits="1"/>
						<line number="15" hits="1"/>
						<line number="16" hits="10"/>
						<line number="18" hits="4"/>
						<line number="19" hits="4"/>
						<line number="29" hits="1"/>
						<line number="30" hits="1"/>
						<line number="31" hits="1"/>
						<line number="35" hits="0"/>
					</lines>
				</class>
				<class name="bats_exec_suite" filename="usr/local/libexec/bats-core/bats-exec-suite" branch-rate="1.0" complexity="1.0" line-rate="0.371">
					<lines>
						<line number="2" hits="1"/>
						<line number="4" hits="1"/>
						<line number="5" hits="1"/>
						<line number="6" hits="1"/>
						<line number="7" hits="1"/>
						<line number="8" hits="1"/>
						<line number="9" hits="1"/>
						<line number="11" hits="1"/>
						<line number="12" hits="1"/>
						<line number="13" hits="1"/>
						<line number="14" hits="1"/>
						<line number="17" hits="0"/>
						<line number="18" hits="0"/>
						<line number="22" hits="1"/>
						<line number="24" hits="2"/>
						<line number="25" hits="0"/>
						<line number="27" hits="0"/>
						<line number="30" hits="0"/>
						<line number="31" hits="0"/>
						<line number="34" hits="0"/>
						<line number="35" hits="0"/>
						<line number="36" hits="0"/>
						<line number="39" hits="0"/>
						<line number="42" hits="2"/>
						<line number="45" hits="0"/>
						<line number="48" hits="0"/>
						<line number="49" hits="0"/>
						<line number="52" hits="0"/>
						<line number="53" hits="0"/>
						<line number="56" hits="0"/>
						<line number="57" hits="0"/>
						<line number="58" hits="0"/>
						<line number="59" hits="0"/>
						<line number="60" hits="0"/>
						<line number="62" hits="0"/>
						<line number="63" hits="0"/>
						<line number="65" hits="0"/>
						<line number="71" hits="0"/>
						<line number="72" hits="0"/>
						<line number="75" hits="0"/>
						<line number="78" hits="0"/>
						<line number="79" hits="0"/>
						<line number="82" hits="0"/>
						<line number="85" hits="0"/>
						<line number="86" hits="0"/>
						<line number="89" hits="0"/>
						<line number="90" hits="0"/>
						<line number="93" hits="1"/>
						<line number="96" hits="1"/>
						<line number="99" hits="1"/>
						<line number="100" hits="0"/>
						<line number="101" hits="0"/>
						<line number="102" hits="0"/>
						<line number="105" hits="0"/>
						<line number="106" hits="0"/>
						<line number="110" hits="1"/>
						<line number="113" hits="1"/>
						<line number="115" hits="3"/>
						<line number="116" hits="1"/>
						<line number="117" hits="0"/>
						<line number="122" hits="627"/>
						<line number="123" hits="628"/>
						<line number="124" hits="593"/>
						<line number="126" hits="33"/>
						<line number="127" hits="33"/>
						<line number="128" hits="33"/>
						<line number="129" hits="33"/>
						<line number="130" hits="66"/>
						<line number="131" hits="33"/>
						<line number="135" hits="33"/>
						<line number="136" hits="0"/>
						<line number="137" hits="0"/>
						<line number="139" hits="0"/>
						<line number="140" hits="0"/>
						<line number="141" hits="0"/>
						<line number="142" hits="0"/>
						<line number="144" hits="0"/>
						<line number="146" hits="0"/>
						<line number="147" hits="0"/>
						<line number="148" hits="0"/>
						<line number="149" hits="0"/>
						<line number="150" hits="0"/>
						<line number="151" hits="0"/>
						<line number="153" hits="0"/>
						<line number="156" hits="0"/>
						<line number="157" hits="0"/>
						<line number="158" hits="0"/>
						<line number="161" hits="0"/>
						<line number="162" hits="0"/>
						<line number="165" hits="66"/>
						<line number="166" hits="33"/>
						<line number="167" hits="33"/>
						<line number="169" hits="65"/>
						<line number="170" hits="0"/>
						<line number="171" hits="0"/>
						<line number="173" hits="33"/>
						<line number="174" hits="0"/>
						<line number="176" hits="1"/>
						<line number="177" hits="0"/>
						<line number="181" hits="1"/>
						<line number="184" hits="1"/>
						<line number="185" hits="1"/>
						<line number="186" hits="1"/>
						<line number="187" hits="1"/>
						<line number="188" hits="1"/>
						<line number="189" hits="0"/>
						<line number="190" hits="0"/>
						<line number="192" hits="1"/>
						<line number="195" hits="2"/>
						<line number="198" hits="0"/>
						<line number="199" hits="0"/>
						<line number="202" hits="1"/>
						<line number="204" hits="1"/>
						<line number="205" hits="0"/>
						<line number="208" hits="0"/>
						<line number="213" hits="0"/>
						<line number="218" hits="0"/>
						<line number="222" hits="0"/>
						<line number="223" hits="0"/>
						<line number="227" hits="0"/>
						<line number="228" hits="0"/>
						<line number="229" hits="0"/>
						<line number="230" hits="0"/>
						<line number="231" hits="0"/>
						<line number="237" hits="0"/>
						<line number="238" hits="0"/>
						<line number="240" hits="0"/>
						<line number="242" hits="0"/>
						<line number="245" hits="0"/>
						<line number="247" hits="0"/>
						<line number="248" hits="0"/>
						<line number="250" hits="0"/>
						<line number="252" hits="0"/>
						<line number="255" hits="0"/>
						<line number="256" hits="0"/>
						<line number="259" hits="0"/>
						<line number="262" hits="0"/>
						<line number="263" hits="0"/>
						<line number="264" hits="0"/>
						<line number="265" hits="0"/>
						<line number="267" hits="0"/>
						<line number="269" hits="0"/>
						<line number="272" hits="0"/>
						<line number="273" hits="0"/>
						<line number="274" hits="0"/>
						<line number="276" hits="0"/>
						<line number="277" hits="0"/>
						<line number="278" hits="0"/>
						<line number="281" hits="0"/>
						<line number="285" hits="1"/>
						<line number="286" hits="0"/>
						<line number="287" hits="0"/>
						<line number="290" hits="1"/>
						<line number="291" hits="0"/>
						<line number="292" hits="0"/>
						<line number="295" hits="1"/>
						<line number="296" hits="0"/>
						<line number="297" hits="0"/>
						<line number="301" hits="1"/>
						<line number="303" hits="1"/>
						<line number="304" hits="1"/>
						<line number="307" hits="1"/>
						<line number="308" hits="0"/>
						<line number="311" hits="2"/>
						<line number="312" hits="1"/>
						<line number="313" hits="0"/>
						<line number="314" hits="0"/>
						<line number="321" hits="9"/>
						<line number="324" hits="1"/>
						<line number="325" hits="1"/>
						<line number="327" hits="2"/>
						<line number="329" hits="2"/>
						<line number="332" hits="2"/>
						<line number="333" hits="3"/>
						<line number="334" hits="0"/>
						<line number="335" hits="0"/>
						<line number="336" hits="0"/>
						<line number="337" hits="0"/>
						<line number="339" hits="0"/>
						<line number="340" hits="0"/>
						<line number="341" hits="0"/>
						<line number="342" hits="0"/>
						<line number="343" hits="0"/>
						<line number="344" hits="0"/>
						<line number="347" hits="2"/>
						<line number="348" hits="0"/>
						<line number="351" hits="2"/>
						<line number="352" hits="0"/>
						<line number="355" hits="2"/>
						<line number="357" hits="0"/>
						<line number="359" hits="2"/>
						<line number="360" hits="0"/>
						<line number="363" hits="2"/>
						<line number="366" hits="2"/>
						<line number="367" hits="2"/>
						<line number="368" hits="2"/>
						<line number="369" hits="2"/>
						<line number="370" hits="2"/>
						<line number="371" hits="0"/>
						<line number="372" hits="0"/>
						<line number="373" hits="0"/>
						<line number="374" hits="0"/>
						<line number="379" hits="0"/>
						<line number="380" hits="0"/>
						<line number="384" hits="2"/>
						<line number="387" hits="2"/>
						<line number="389" hits="2"/>
						<line number="390" hits="2"/>
						<line number="392" hits="0"/>
						<line number="393" hits="0"/>
						<line number="397" hits="0"/>
						<line number="399" hits="0"/>
						<line number="402" hits="0"/>
						<line number="404" hits="0"/>
						<line number="405" hits="0"/>
						<line number="406" hits="0"/>
						<line number="407" hits="0"/>
						<line number="408" hits="0"/>
						<line number="412" hits="2"/>
						<line number="416" hits="2"/>
						<line number="421" hits="0"/>
						<line number="423" hits="2"/>
						<line number="424" hits="2"/>
						<line number="425" hits="0"/>
						<line number="426" hits="0"/>
						<line number="428" hits="4"/>
						<line number="432" hits="2"/>
						<line number="433" hits="2"/>
						<line number="435" hits="2"/>
					</lines>
				</class>
				<class name="test_functions_bash" filename="usr/local/lib/bats-core/test_functions.bash" branch-rate="1.0" complexity="1.0" line-rate="0.014">
					<lines>
						<line number="3" hits="1"/>
						<line number="7" hits="1"/>
						<line number="19" hits="0"/>
						<line number="20" hits="0"/>
						<line number="22" hits="0"/>
						<line number="23" hits="0"/>
						<line number="25" hits="0"/>
						<line number="26" hits="0"/>
						<line number="27" hits="0"/>
						<line number="29" hits="0"/>
						<line number="30" hits="0"/>
						<line number="31" hits="0"/>
						<line number="33" hits="0"/>
						<line number="37" hits="0"/>
						<line number="54" hits="0"/>
						<line number="56" hits="0"/>
						<line number="57" hits="0"/>
						<line number="58" hits="0"/>
						<line number="62" hits="0"/>
						<line number="64" hits="0"/>
						<line number="65" hits="0"/>
						<line number="66" hits="0"/>
						<line number="68" hits="0"/>
						<line number="71" hits="0"/>
						<line number="72" hits="0"/>
						<line number="95" hits="0"/>
						<line number="96" hits="0"/>
						<line number="97" hits="0"/>
						<line number="100" hits="0"/>
						<line number="101" hits="0"/>
						<line number="102" hits="0"/>
						<line number="103" hits="0"/>
						<line number="104" hits="0"/>
						<line number="105" hits="0"/>
						<line number="109" hits="0"/>
						<line number="111" hits="0"/>
						<line number="112" hits="0"/>
						<line number="116" hits="0"/>
						<line number="117" hits="0"/>
						<line number="121" hits="0"/>
						<line number="124" hits="0"/>
						<line number="125" hits="0"/>
						<line number="126" hits="0"/>
						<line number="127" hits="0"/>
						<line number="131" hits="0"/>
						<line number="132" hits="0"/>
						<line number="133" hits="0"/>
						<line number="134" hits="0"/>
						<line number="138" hits="0"/>
						<line number="139" hits="0"/>
						<line number="144" hits="0"/>
						<line number="145" hits="0"/>
						<line number="151" hits="0"/>
						<line number="152" hits="0"/>
						<line number="157" hits="0"/>
						<line number="161" hits="0"/>
						<line number="166" hits="0"/>
						<line number="167" hits="0"/>
						<line number="168" hits="0"/>
						<line number="169" hits="0"/>
						<line number="170" hits="0"/>
						<line number="171" hits="0"/>
						<line number="172" hits="0"/>
						<line number="175" hits="0"/>
						<line number="178" hits="0"/>
						<line number="186" hits="0"/>
						<line number="187" hits="0"/>
						<line number="188" hits="0"/>
						<line number="189" hits="0"/>
						<line number="190" hits="0"/>
						<line number="192" hits="0"/>
						<line number="193" hits="0"/>
						<line number="194" hits="0"/>
						<line number="196" hits="0"/>
						<line number="199" hits="0"/>
						<line number="200" hits="0"/>
						<line number="201" hits="0"/>
						<line number="202" hits="0"/>
						<line number="203" hits="0"/>
						<line number="204" hits="0"/>
						<line number="205" hits="0"/>
						<line number="209" hits="0"/>
						<line number="212" hits="0"/>
						<line number="215" hits="0"/>
						<line number="216" hits="0"/>
						<line number="219" hits="0"/>
						<line number="220" hits="0"/>
						<line number="223" hits="0"/>
						<line number="226" hits="0"/>
						<line number="227" hits="0"/>
						<line number="230" hits="0"/>
						<line number="232" hits="0"/>
						<line number="233" hits="0"/>
						<line number="234" hits="0"/>
						<line number="236" hits="0"/>
						<line number="237" hits="0"/>
						<line number="238" hits="0"/>
						<line number="239" hits="0"/>
						<line number="243" hits="0"/>
						<line number="244" hits="0"/>
						<line number="245" hits="0"/>
						<line number="249" hits="0"/>
						<line number="250" hits="0"/>
						<line number="254" hits="0"/>
						<line number="257" hits="0"/>
						<line number="259" hits="0"/>
						<line number="261" hits="0"/>
						<line number="262" hits="0"/>
						<line number="266" hits="0"/>
						<line number="267" hits="0"/>
						<line number="269" hits="0"/>
						<line number="270" hits="0"/>
						<line number="274" hits="0"/>
						<line number="275" hits="0"/>
						<line number="276" hits="0"/>
						<line number="277" hits="0"/>
						<line number="278" hits="0"/>
						<line number="280" hits="0"/>
						<line number="282" hits="0"/>
						<line number="283" hits="0"/>
						<line number="285" hits="0"/>
						<line number="286" hits="0"/>
						<line number="289" hits="0"/>
						<line number="293" hits="0"/>
						<line number="297" hits="0"/>
						<line number="302" hits="0"/>
						<line number="306" hits="0"/>
						<line number="308" hits="0"/>
						<line number="310" hits="0"/>
						<line number="318" hits="0"/>
						<line number="320" hits="0"/>
						<line number="322" hits="0"/>
						<line number="326" hits="0"/>
						<line number="327" hits="0"/>
						<line number="328" hits="0"/>
						<line number="330" hits="0"/>
						<line number="334" hits="0"/>
						<line number="335" hits="0"/>
					</lines>
				</class>
				<class name="bats" filename="usr/local/libexec/bats-core/bats" branch-rate="1.0" complexity="1.0" line-rate="0.376">
					<lines>
						<line number="2" hits="1"/>
						<line number="4" hits="2"/>
						<line number="5" hits="1"/>
						<line number="8" hits="0"/>
						<line number="12" hits="0"/>
						<line number="13" hits="0"/>
						<line number="14" hits="0"/>
						<line number="15" hits="0"/>
						<line number="17" hits="0"/>
						<line number="18" hits="0"/>
						<line number="19" hits="0"/>
						<line number="21" hits="0"/>
						<line number="25" hits="0"/>
						<line number="26" hits="0"/>
						<line number="28" hits="0"/>
						<line number="34" hits="0"/>
						<line number="80" hits="1"/>
						<line number="81" hits="1"/>
						<line number="82" hits="1"/>
						<line number="84" hits="1"/>
						<line number="85" hits="0"/>
						<line number="87" hits="1"/>
						<line number="88" hits="1"/>
						<line number="89" hits="1"/>
						<line number="91" hits="1"/>
						<line number="94" hits="5"/>
						<line number="95" hits="1"/>
						<line number="96" hits="2"/>
						<line number="97" hits="2"/>
						<line number="98" hits="2"/>
						<line number="99" hits="2"/>
						<line number="100" hits="2"/>
						<line number="101" hits="1"/>
						<line number="102" hits="2"/>
						<line number="103" hits="2"/>
						<line number="104" hits="2"/>
						<line number="105" hits="1"/>
						<line number="107" hits="1"/>
						<line number="108" hits="0"/>
						<line number="109" hits="0"/>
						<line number="110" hits="1"/>
						<line number="111" hits="0"/>
						<line number="112" hits="0"/>
						<line number="118" hits="1"/>
						<line number="119" hits="1"/>
						<line number="120" hits="0"/>
						<line number="121" hits="0"/>
						<line number="122" hits="0"/>
						<line number="123" hits="0"/>
						<line number="125" hits="0"/>
						<line number="128" hits="1"/>
						<line number="130" hits="1"/>
						<line number="133" hits="1"/>
						<line number="136" hits="1"/>
						<line number="137" hits="1"/>
						<line number="138" hits="1"/>
						<line number="139" hits="1"/>
						<line number="140" hits="1"/>
						<line number="141" hits="1"/>
						<line number="142" hits="1"/>
						<line number="143" hits="2"/>
						<line number="144" hits="3"/>
						<line number="145" hits="0"/>
						<line number="148" hits="2"/>
						<line number="149" hits="1"/>
						<line number="151" hits="0"/>
						<line number="152" hits="0"/>
						<line number="153" hits="0"/>
						<line number="156" hits="0"/>
						<line number="157" hits="0"/>
						<line number="160" hits="0"/>
						<line number="163" hits="0"/>
						<line number="164" hits="0"/>
						<line number="167" hits="0"/>
						<line number="169" hits="0"/>
						<line number="170" hits="0"/>
						<line number="172" hits="0"/>
						<line number="173" hits="0"/>
						<line number="177" hits="0"/>
						<line number="178" hits="0"/>
						<line number="179" hits="0"/>
						<line number="181" hits="0"/>
						<line number="182" hits="0"/>
						<line number="186" hits="0"/>
						<line number="187" hits="0"/>
						<line number="190" hits="0"/>
						<line number="193" hits="0"/>
						<line number="194" hits="0"/>
						<line number="197" hits="0"/>
						<line number="200" hits="0"/>
						<line number="203" hits="0"/>
						<line number="204" hits="0"/>
						<line number="210" hits="0"/>
						<line number="213" hits="0"/>
						<line number="216" hits="0"/>
						<line number="218" hits="0"/>
						<line number="219" hits="0"/>
						<line number="220" hits="0"/>
						<line number="223" hits="0"/>
						<line number="226" hits="0"/>
						<line number="229" hits="0"/>
						<line number="232" hits="0"/>
						<line number="235" hits="0"/>
						<line number="236" hits="0"/>
						<line number="237" hits="0"/>
						<line number="238" hits="0"/>
						<line number="239" hits="0"/>
						<line number="241" hits="0"/>
						<line number="242" hits="0"/>
						<line number="244" hits="0"/>
						<line number="247" hits="0"/>
						<line number="248" hits="0"/>
						<line number="251" hits="0"/>
						<line number="252" hits="0"/>
						<line number="255" hits="0"/>
						<line number="256" hits="0"/>
						<line number="259" hits="0"/>
						<line number="260" hits="0"/>
						<line number="263" hits="0"/>
						<line number="266" hits="1"/>
						<line number="269" hits="1"/>
						<line number="272" hits="1"/>
						<line number="273" hits="0"/>
						<line number="274" hits="0"/>
						<line number="275" hits="0"/>
						<line number="276" hits="0"/>
						<line number="277" hits="0"/>
						<line number="278" hits="0"/>
						<line number="279" hits="0"/>
						<line number="281" hits="2"/>
						<line number="282" hits="0"/>
						<line number="283" hits="0"/>
						<line number="286" hits="2"/>
						<line number="289" hits="1"/>
						<line number="290" hits="0"/>
						<line number="291" hits="0"/>
						<line number="292" hits="0"/>
						<line number="293" hits="0"/>
						<line number="295" hits="0"/>
						<line number="296" hits="0"/>
						<line number="297" hits="0"/>
						<line number="298" hits="0"/>
						<line number="300" hits="1"/>
						<line number="301" hits="1"/>
						<line number="303" hits="0"/>
						<line number="307" hits="1"/>
						<line number="309" hits="1"/>
						<line number="310" hits="0"/>
						<line number="313" hits="1"/>
						<line number="314" hits="0"/>
						<line number="317" hits="1"/>
						<line number="318" hits="0"/>
						<line number="319" hits="0"/>
						<line number="321" hits="1"/>
						<line number="322" hits="0"/>
						<line number="323" hits="0"/>
						<line number="326" hits="1"/>
						<line number="327" hits="0"/>
						<line number="331" hits="2"/>
						<line number="332" hits="1"/>
						<line number="336" hits="0"/>
						<line number="337" hits="0"/>
						<line number="338" hits="0"/>
						<line number="339" hits="0"/>
						<line number="340" hits="0"/>
						<line number="341" hits="0"/>
						<line number="342" hits="0"/>
						<line number="346" hits="1"/>
						<line number="347" hits="0"/>
						<line number="348" hits="0"/>
						<line number="350" hits="1"/>
						<line number="353" hits="1"/>
						<line number="354" hits="0"/>
						<line number="357" hits="1"/>
						<line number="358" hits="0"/>
						<line number="359" hits="0"/>
						<line number="362" hits="0"/>
						<line number="363" hits="0"/>
						<line number="365" hits="0"/>
						<line number="368" hits="0"/>
						<line number="371" hits="0"/>
						<line number="377" hits="1"/>
						<line number="378" hits="0"/>
						<line number="379" hits="0"/>
						<line number="381" hits="1"/>
						<line number="384" hits="1"/>
						<line number="385" hits="1"/>
						<line number="388" hits="1"/>
						<line number="390" hits="1"/>
						<line number="391" hits="1"/>
						<line number="392" hits="1"/>
						<line number="395" hits="0"/>
						<line number="396" hits="0"/>
						<line number="397" hits="0"/>
						<line number="398" hits="0"/>
						<line number="402" hits="0"/>
						<line number="403" hits="0"/>
						<line number="407" hits="1"/>
						<line number="408" hits="0"/>
						<line number="412" hits="1"/>
						<line number="413" hits="1"/>
						<line number="415" hits="1"/>
						<line number="416" hits="1"/>
						<line number="417" hits="0"/>
						<line number="419" hits="1"/>
						<line number="421" hits="1"/>
						<line number="422" hits="1"/>
						<line number="423" hits="0"/>
						<line number="427" hits="1"/>
						<line number="428" hits="0"/>
						<line number="429" hits="0"/>
						<line number="430" hits="0"/>
						<line number="431" hits="0"/>
						<line number="432" hits="0"/>
						<line number="434" hits="0"/>
						<line number="435" hits="0"/>
						<line number="438" hits="0"/>
						<line number="440" hits="1"/>
						<line number="444" hits="1"/>
						<line number="445" hits="0"/>
						<line number="449" hits="1"/>
						<line number="451" hits="1"/>
						<line number="453" hits="1"/>
						<line number="455" hits="1"/>
						<line number="456" hits="0"/>
						<line number="461" hits="1"/>
					</lines>
				</class>
				<class name="bats" filename="usr/local/bin/bats" branch-rate="1.0" complexity="1.0" line-rate="0.233">
					<lines>
						<line number="3" hits="1"/>
						<line number="5" hits="1"/>
						<line number="7" hits="0"/>
						<line number="11" hits="1"/>
						<line number="17" hits="0"/>
						<line number="18" hits="0"/>
						<line number="19" hits="0"/>
						<line number="21" hits="0"/>
						<line number="22" hits="0"/>
						<line number="23" hits="0"/>
						<line number="25" hits="0"/>
						<line number="26" hits="0"/>
						<line number="27" hits="0"/>
						<line number="28" hits="0"/>
						<line number="29" hits="0"/>
						<line number="30" hits="0"/>
						<line number="32" hits="0"/>
						<line number="35" hits="0"/>
						<line number="36" hits="0"/>
						<line number="37" hits="0"/>
						<line number="38" hits="0"/>
						<line number="45" hits="0"/>
						<line number="46" hits="0"/>
						<line number="48" hits="0"/>
						<line number="52" hits="2"/>
						<line number="53" hits="0"/>
						<line number="54" hits="0"/>
						<line number="57" hits="2"/>
						<line number="58" hits="1"/>
						<line number="59" hits="1"/>
					</lines>
				</class>
			</classes>
		</package>
	</packages>
</coverage>
